<?xml version="1.0" encoding="UTF-8"?>
<testsuite name="Login in new tours page" tests="1" skipped="0" failures="0" errors="0" timestamp="2018-11-24T15:55:37" hostname="RC-PC" time="13.289">
  <properties/>
  <testcase name="Succesful login" classname="Login in new tours page" time="13.289"/>
  <system-out><![CDATA[    ?[32mGiven ?[0m?[32mthat I go to Computrabajo home page?[0m ?[90m# ComputrabajoLoginStepsDefinitions.that_i_go_to_Computrabajo_home_page()?[0m
    ?[32mWhen ?[0m?[32mI fill the email and password fields?[0m ?[90m# ComputrabajoLoginStepsDefinitions.i_fill_the_email_and_password_fields()?[0m
    ?[32mAnd ?[0m?[32mClick the submit button?[0m               ?[90m# ComputrabajoLoginStepsDefinitions.click_the_submit_button()?[0m
I'm online
    ?[32mThen ?[0m?[32mI access?[0m                             ?[90m# ComputrabajoLoginStepsDefinitions.i_access()?[0m
]]></system-out>
  <system-err><![CDATA[nov 24, 2018 10:55:37 AM org.openqa.selenium.remote.DesiredCapabilities chrome
INFORMACIÓN: Using `new ChromeOptions()` is preferred to `DesiredCapabilities.chrome()`
Starting ChromeDriver 2.43.600210 (68dcf5eebde37173d4027fa8635e332711d2874a) on port 13273
Only local connections are allowed.
nov 24, 2018 10:55:40 AM org.openqa.selenium.remote.ProtocolHandshake createSession
INFORMACIÓN: Detected dialect: OSS
[Test worker] INFO net.thucydides.core.steps.ConsoleLoggingListener - 
        __    _____ _____ ____ _____   ____   _    ____  ____  _____ ____  
  _     \ \  |_   _| ____/ ___|_   _| |  _ \ / \  / ___|/ ___|| ____|  _ \ 
 (_)_____| |   | | |  _| \___ \ | |   | |_) / _ \ \___ \\___ \|  _| | | | |
  _|_____| |   | | | |___ ___) || |   |  __/ ___ \ ___) |___) | |___| |_| |
 (_)     | |   |_| |_____|____/ |_|   |_| /_/   \_\____/|____/|_____|____/ 
        /_/                                                                

TEST PASSED: Succesful login
----------------------------------------------------------------------------
]]></system-err>
</testsuite>
